<?xml version="1.0" encoding="UTF-8"?>
<testng-results skipped="0" failed="1" ignored="2" total="3" passed="0">
  <reporter-output>
    <line>
      <![CDATA[Test Case started z]]>
    </line>
    <line>
      <![CDATA[All Steps of Test are completed]]>
    </line>
    <line>
      <![CDATA[Test Case Ended z]]>
    </line>
    <line>
      <![CDATA[Test Case started a]]>
    </line>
    <line>
      <![CDATA[All Steps of Test are completed]]>
    </line>
    <line>
      <![CDATA[Test Case Ended a]]>
    </line>
    <line>
      <![CDATA[Test Case started c]]>
    </line>
    <line>
      <![CDATA[Test Case Ended c]]>
    </line>
    <line>
      <![CDATA[Test Case started c]]>
    </line>
    <line>
      <![CDATA[Test Case Ended c]]>
    </line>
    <line>
      <![CDATA[Test Case started c]]>
    </line>
    <line>
      <![CDATA[Test Case Ended c]]>
    </line>
  </reporter-output>
  <suite name="TmpSuite" duration-ms="4" started-at="2021-05-14T09:42:54 IST" finished-at="2021-05-14T09:42:54 IST">
    <groups>
    </groups>
    <test name="Command line test 1f9b86d3-d075-46c3-b81b-d6c2735597b0" duration-ms="4" started-at="2021-05-14T09:42:54 IST" finished-at="2021-05-14T09:42:54 IST">
      <class name="org.dolphin.WidgetTest">
        <test-method status="PASS" signature="beforeSuite()[pri:0, instance:org.dolphin.WidgetTest@5ef8df1e]" name="beforeSuite" is-config="true" duration-ms="0" started-at="2021-05-14T09:42:54 IST" finished-at="2021-05-14T09:42:54 IST">
          <reporter-output>
          </reporter-output>
        </test-method> <!-- beforeSuite -->
        <test-method status="FAIL" signature="c()[pri:0, instance:org.dolphin.WidgetTest@5ef8df1e]" name="c" duration-ms="1" started-at="2021-05-14T09:42:54 IST" finished-at="2021-05-14T09:42:54 IST">
          <exception class="java.lang.AssertionError">
            <message>
              <![CDATA[expected [false] but found [true]]]>
            </message>
            <full-stacktrace>
              <![CDATA[java.lang.AssertionError: expected [false] but found [true]
at org.testng.Assert.fail(Assert.java:99)
at org.testng.Assert.failNotEquals(Assert.java:1037)
at org.testng.Assert.assertFalse(Assert.java:67)
at org.testng.Assert.assertFalse(Assert.java:77)
at org.dolphin.WidgetTest.c(WidgetTest.java:39)
at sun.reflect.NativeMethodAccessorImpl.invoke0(Native Method)
at sun.reflect.NativeMethodAccessorImpl.invoke(NativeMethodAccessorImpl.java:62)
at sun.reflect.DelegatingMethodAccessorImpl.invoke(DelegatingMethodAccessorImpl.java:43)
at java.lang.reflect.Method.invoke(Method.java:498)
at org.testng.internal.MethodInvocationHelper.invokeMethod(MethodInvocationHelper.java:133)
at org.testng.internal.TestInvoker.invokeMethod(TestInvoker.java:598)
at org.testng.internal.TestInvoker.invokeTestMethod(TestInvoker.java:173)
at org.testng.internal.MethodRunner.runInSequence(MethodRunner.java:46)
at org.testng.internal.TestInvoker$MethodInvocationAgent.invoke(TestInvoker.java:824)
at org.testng.internal.TestInvoker.invokeTestMethods(TestInvoker.java:146)
at org.testng.internal.TestMethodWorker.invokeTestMethods(TestMethodWorker.java:146)
at org.testng.internal.TestMethodWorker.run(TestMethodWorker.java:128)
at java.util.concurrent.ThreadPoolExecutor.runWorker(ThreadPoolExecutor.java:1149)
at java.util.concurrent.ThreadPoolExecutor$Worker.run(ThreadPoolExecutor.java:624)
at java.lang.Thread.run(Thread.java:748)
]]>
            </full-stacktrace>
          </exception> <!-- java.lang.AssertionError -->
          <reporter-output>
            <line>
              <![CDATA[Test Case started c]]>
            </line>
            <line>
              <![CDATA[Test Case Ended c]]>
            </line>
          </reporter-output>
        </test-method> <!-- c -->
      </class> <!-- org.dolphin.WidgetTest -->
    </test> <!-- Command line test 1f9b86d3-d075-46c3-b81b-d6c2735597b0 -->
  </suite> <!-- TmpSuite -->
</testng-results>
