<?xml version="1.0" encoding="UTF-8"?>
<!-- Generated by org.testng.reporters.JUnitXMLReporter -->
<testsuite hostname="Rahul-Mahajans-Temp-MacBook-Pro" ignored="1" name="Command line test 2df651ec-d8ba-4400-a1d5-1a2667059458" tests="2" failures="1" timestamp="2021-05-23T10:16:23 IST" time="34.826" errors="0">
  <testcase name="@BeforeMethod beforeMethod" time="0.001" classname="org.dolphin.AlertTest">
    <skipped/>
  </testcase> <!-- @BeforeMethod beforeMethod -->
  <testcase name="@AfterClass afterClass" time="-1.621745151264E9" classname="org.dolphin.AlertTest">
    <skipped/>
  </testcase> <!-- @AfterClass afterClass -->
  <testcase name="verifyAlertHandling" time="0.0" classname="org.dolphin.AlertTest">
    <skipped/>
  </testcase> <!-- verifyAlertHandling -->
  <testcase name="verifyHandlingAccordian" time="31.009" classname="org.dolphin.AccordianTest">
    <failure type="java.lang.AssertionError" message="expected [true] but found [false]">
      <![CDATA[java.lang.AssertionError: expected [true] but found [false]
at org.dolphin.AccordianTest.verifyHandlingAccordian(AccordianTest.java:40)
at java.util.concurrent.ThreadPoolExecutor.runWorker(ThreadPoolExecutor.java:1149)
at java.util.concurrent.ThreadPoolExecutor$Worker.run(ThreadPoolExecutor.java:624)
at java.lang.Thread.run(Thread.java:748)
... Removed 16 stack frames]]>
    </failure>
  </testcase> <!-- verifyHandlingAccordian -->
  <testcase name="@BeforeSuite beforeSuite" time="0.0" classname="org.dolphin.Base">
    <ignored/>
  </testcase> <!-- @BeforeSuite beforeSuite -->
</testsuite> <!-- Command line test 2df651ec-d8ba-4400-a1d5-1a2667059458 -->
