<?xml version="1.0" encoding="UTF-8"?>
<!-- Generated by org.testng.reporters.JUnitXMLReporter -->
<testsuite hostname="Rahul-Mahajans-Temp-MacBook-Pro" ignored="0" name="Command line test 20024725-0869-40fc-b201-7be026e0341b" tests="1" failures="1" timestamp="2021-05-23T19:27:55 IST" time="31.337" errors="0">
  <testcase name="verifyHandlingAccordian" time="28.418" classname="org.dolphin.AccordianTest">
    <failure type="java.lang.AssertionError" message="expected [true] but found [false]">
      <![CDATA[java.lang.AssertionError: expected [true] but found [false]
at org.dolphin.AccordianTest.verifyHandlingAccordian(AccordianTest.java:40)
at java.util.concurrent.ThreadPoolExecutor.runWorker(ThreadPoolExecutor.java:1149)
at java.util.concurrent.ThreadPoolExecutor$Worker.run(ThreadPoolExecutor.java:624)
at java.lang.Thread.run(Thread.java:748)
... Removed 16 stack frames]]>
    </failure>
  </testcase> <!-- verifyHandlingAccordian -->
</testsuite> <!-- Command line test 20024725-0869-40fc-b201-7be026e0341b -->
