<?xml version="1.0" encoding="UTF-8"?>
<!-- Generated by org.testng.reporters.JUnitXMLReporter -->
<testsuite hostname="Rahul-Mahajans-Temp-MacBook-Pro" ignored="3" name="Command line test 62adb443-f2e5-4939-9057-89c22959b21f" tests="1" failures="1" timestamp="2021-05-14T08:33:34 IST" time="0.003" errors="0">
  <testcase name="z" time="0.0" classname="org.dolphin.WidgetTest">
    <failure type="java.lang.AssertionError" message="expected [false] but found [true]">
      <![CDATA[java.lang.AssertionError: expected [false] but found [true]
at org.dolphin.WidgetTest.z(WidgetTest.java:14)
at java.util.concurrent.ThreadPoolExecutor.runWorker(ThreadPoolExecutor.java:1149)
at java.util.concurrent.ThreadPoolExecutor$Worker.run(ThreadPoolExecutor.java:624)
at java.lang.Thread.run(Thread.java:748)
... Removed 16 stack frames]]>
    </failure>
  </testcase> <!-- z -->
  <testcase name="c" time="0.0" classname="org.dolphin.WidgetTest">
    <ignored/>
  </testcase> <!-- c -->
  <testcase name="a" time="0.0" classname="org.dolphin.WidgetTest">
    <ignored/>
  </testcase> <!-- a -->
  <testcase name="b" time="0.0" classname="org.dolphin.WidgetTest">
    <ignored/>
  </testcase> <!-- b -->
</testsuite> <!-- Command line test 62adb443-f2e5-4939-9057-89c22959b21f -->
