<?xml version="1.0" encoding="UTF-8"?>
<!-- Generated by org.testng.reporters.JUnitXMLReporter -->
<testsuite hostname="Rahul-Mahajans-Temp-MacBook-Pro" ignored="3" name="Command line test 5542f8ae-ceb0-4f4e-b6fd-86dccce1102d" tests="4" failures="1" timestamp="2021-05-23T10:15:48 IST" time="40.824" errors="0">
  <testcase name="@BeforeMethod beforeMethod" time="0.0" classname="org.dolphin.AlertTest">
    <skipped/>
  </testcase> <!-- @BeforeMethod beforeMethod -->
  <testcase name="@AfterClass afterClass" time="-1.621745111683E9" classname="org.dolphin.AlertTest">
    <skipped/>
  </testcase> <!-- @AfterClass afterClass -->
  <testcase name="verifyAlertHandling" time="0.0" classname="org.dolphin.AlertTest">
    <skipped/>
  </testcase> <!-- verifyAlertHandling -->
  <testcase name="verifyHandlingAccordian" time="30.915" classname="org.dolphin.AccordianTest">
    <failure type="java.lang.AssertionError" message="expected [true] but found [false]">
      <![CDATA[java.lang.AssertionError: expected [true] but found [false]
at org.dolphin.AccordianTest.verifyHandlingAccordian(AccordianTest.java:40)
at java.util.concurrent.ThreadPoolExecutor.runWorker(ThreadPoolExecutor.java:1149)
at java.util.concurrent.ThreadPoolExecutor$Worker.run(ThreadPoolExecutor.java:624)
at java.lang.Thread.run(Thread.java:748)
... Removed 16 stack frames]]>
    </failure>
  </testcase> <!-- verifyHandlingAccordian -->
  <testcase name="verifyClickingButtonsTest" time="36.243" classname="org.dolphin.ButtonTest"/>
  <testcase name="verifyCheckBoxes" time="32.336" classname="org.dolphin.CheckBoxTets"/>
  <testcase name="@BeforeSuite beforeSuite" time="0.0" classname="org.dolphin.Base">
    <ignored/>
  </testcase> <!-- @BeforeSuite beforeSuite -->
  <testcase name="@BeforeSuite beforeSuite" time="0.0" classname="org.dolphin.Base">
    <ignored/>
  </testcase> <!-- @BeforeSuite beforeSuite -->
  <testcase name="@BeforeSuite beforeSuite" time="0.0" classname="org.dolphin.Base">
    <ignored/>
  </testcase> <!-- @BeforeSuite beforeSuite -->
</testsuite> <!-- Command line test 5542f8ae-ceb0-4f4e-b6fd-86dccce1102d -->
